#
# A fatal error has been detected by the Java Runtime Environment:
#
#  EXCEPTION_ACCESS_VIOLATION (0xc0000005) at pc=0x000000006f648ad5, pid=21976, tid=14444
#
# JRE version: Java(TM) SE Runtime Environment (8.0_73-b02) (build 1.8.0_73-b02)
# Java VM: Java HotSpot(TM) 64-Bit Server VM (25.73-b02 mixed mode windows-amd64 compressed oops)
# Problematic frame:
# V  [jvm.dll+0x128ad5]
#
# Failed to write core dump. Minidumps are not enabled by default on client versions of Windows
#
# If you would like to submit a bug report, please visit:
#   http://bugreport.java.com/bugreport/crash.jsp
#

---------------  T H R E A D  ---------------

Current thread (0x000000005730b800):  JavaThread "JDWP Transport Listener: dt_socket" daemon [_thread_in_vm, id=14444, stack(0x0000000059400000,0x0000000059500000)]

siginfo: ExceptionCode=0xc0000005, reading address 0x00003b656c003b74

Registers:
RAX=0x00000000594ff601, RBX=0x000000005730b800, RCX=0x00003b656c003b74, RDX=0x0000000000000000
RSP=0x00000000594ff630, RBP=0x00003b656c003b74, RSI=0x00000000594ff748, RDI=0x0000000001e9ade0
R8 =0x000000005730b800, R9 =0x000000000000ff00, R10=0x0000000000000000, R11=0x0000047000700008
R12=0x0000000000000000, R13=0x000000005875cb38, R14=0x0000000000000000, R15=0x0000000000000000
RIP=0x000000006f648ad5, EFLAGS=0x0000000000010206

Top of Stack: (sp=0x00000000594ff630)
0x00000000594ff630:   000000005730b800 000000005730b800
0x00000000594ff640:   00000000594ff6f8 000000006f84e34b
0x00000000594ff650:   000000005730b800 000000006f86abad
0x00000000594ff660:   0000000000000000 000000006cf79155
0x00000000594ff670:   000000005882b598 000000006cf8291e
0x00000000594ff680:   000000005730b800 0000000000000000
0x00000000594ff690:   0000000000000000 0000000000000000
0x00000000594ff6a0:   00003b656c003b74 000000006cf81a15
0x00000000594ff6b0:   00000000594ff748 00000000594ff720
0x00000000594ff6c0:   0000000000000001 000000005882b598
0x00000000594ff6d0:   00003b656c003b74 000000006cf653b3
0x00000000594ff6e0:   00000000594ff810 0000000000000001
0x00000000594ff6f0:   0000000000000001 000000005882b598
0x00000000594ff700:   0000000000000009 0000000000000000
0x00000000594ff710:   0000000000000000 0000000000000000
0x00000000594ff720:   0000000000000001 000000006cf65571 

Instructions: (pc=0x000000006f648ad5)
0x000000006f648ab5:   cc cc cc cc cc cc cc cc cc cc cc 48 83 ec 28 48
0x000000006f648ac5:   85 c9 75 07 33 c0 48 83 c4 28 c3 48 89 5c 24 20
0x000000006f648ad5:   48 8b 19 48 85 db 74 20 48 83 fb 37 74 1a 48 8b
0x000000006f648ae5:   13 48 8b cb ff 52 10 84 c0 74 0d 48 8b c3 48 8b 


Register to memory mapping:

RAX=0x00000000594ff601 is pointing into the stack for thread: 0x000000005730b800
RBX=0x000000005730b800 is a thread
RCX=0x00003b656c003b74 is an unknown value
RDX=0x0000000000000000 is an unknown value
RSP=0x00000000594ff630 is pointing into the stack for thread: 0x000000005730b800
RBP=0x00003b656c003b74 is an unknown value
RSI=0x00000000594ff748 is pointing into the stack for thread: 0x000000005730b800
RDI=0x0000000001e9ade0 is an unknown value
R8 =0x000000005730b800 is a thread
R9 =0x000000000000ff00 is an unknown value
R10=0x0000000000000000 is an unknown value
R11=0x0000047000700008 is an unknown value
R12=0x0000000000000000 is an unknown value
R13=0x000000005875cb38 is an unknown value
R14=0x0000000000000000 is an unknown value
R15=0x0000000000000000 is an unknown value


Stack: [0x0000000059400000,0x0000000059500000],  sp=0x00000000594ff630,  free space=1021k
Native frames: (J=compiled Java code, j=interpreted, Vv=VM code, C=native code)
V  [jvm.dll+0x128ad5]
V  [jvm.dll+0x34abad]
C  [jdwp.dll+0x21a15]
C  [jdwp.dll+0x53b3]
C  [jdwp.dll+0x5571]
C  [jdwp.dll+0xf0a8]
C  [jdwp.dll+0x1f2d5]
C  [jdwp.dll+0x1f4aa]
V  [jvm.dll+0x1bbb58]
V  [jvm.dll+0x243234]
V  [jvm.dll+0x29a10a]
C  [msvcr100.dll+0x21d9f]
C  [msvcr100.dll+0x21e3b]
C  [kernel32.dll+0x159cd]
C  [ntdll.dll+0x2a2e1]


---------------  P R O C E S S  ---------------

Java Threads: ( => current thread )
  0x00000000587e1800 JavaThread "Service Thread" daemon [_thread_blocked, id=13816, stack(0x0000000059cb0000,0x0000000059db0000)]
  0x00000000587c3800 JavaThread "C1 CompilerThread2" daemon [_thread_blocked, id=11080, stack(0x0000000059a40000,0x0000000059b40000)]
  0x00000000587b3000 JavaThread "C2 CompilerThread1" daemon [_thread_blocked, id=21436, stack(0x0000000059680000,0x0000000059780000)]
  0x000000005876d800 JavaThread "C2 CompilerThread0" daemon [_thread_blocked, id=8672, stack(0x00000000597f0000,0x00000000598f0000)]
  0x0000000058760000 JavaThread "JDWP Command Reader" daemon [_thread_in_native, id=8468, stack(0x0000000059520000,0x0000000059620000)]
  0x000000005730f800 JavaThread "JDWP Event Helper Thread" daemon [_thread_blocked, id=22460, stack(0x00000000592d0000,0x00000000593d0000)]
=>0x000000005730b800 JavaThread "JDWP Transport Listener: dt_socket" daemon [_thread_in_vm, id=14444, stack(0x0000000059400000,0x0000000059500000)]
  0x0000000058750800 JavaThread "Attach Listener" daemon [_thread_blocked, id=22716, stack(0x0000000058cc0000,0x0000000058dc0000)]
  0x0000000057306000 JavaThread "Signal Dispatcher" daemon [_thread_blocked, id=14712, stack(0x00000000581f0000,0x00000000582f0000)]
  0x00000000572a9000 JavaThread "Finalizer" daemon [_thread_blocked, id=20892, stack(0x0000000058650000,0x0000000058750000)]
  0x00000000572a2000 JavaThread "Reference Handler" daemon [_thread_blocked, id=21332, stack(0x0000000058520000,0x0000000058620000)]
  0x0000000001eda000 JavaThread "main" [_thread_blocked, id=10104, stack(0x0000000002110000,0x0000000002210000)]

Other Threads:
  0x000000005729c800 VMThread [stack: 0x0000000058380000,0x0000000058480000] [id=15744]
  0x00000000587ec000 WatcherThread [stack: 0x0000000059930000,0x0000000059a30000] [id=21728]

VM state:not at safepoint (normal execution)

VM Mutex/Monitor currently owned by a thread: None

Heap:
 PSYoungGen      total 38400K, used 2662K [0x00000000d5980000, 0x00000000d8400000, 0x0000000100000000)
  eden space 33280K, 8% used [0x00000000d5980000,0x00000000d5c19a70,0x00000000d7a00000)
  from space 5120K, 0% used [0x00000000d7f00000,0x00000000d7f00000,0x00000000d8400000)
  to   space 5120K, 0% used [0x00000000d7a00000,0x00000000d7a00000,0x00000000d7f00000)
 ParOldGen       total 87552K, used 0K [0x0000000080c00000, 0x0000000086180000, 0x00000000d5980000)
  object space 87552K, 0% used [0x0000000080c00000,0x0000000080c00000,0x0000000086180000)
 Metaspace       used 2618K, capacity 4490K, committed 4864K, reserved 1056768K
  class space    used 281K, capacity 386K, committed 512K, reserved 1048576K

Card table byte_map: [0x00000000118a0000,0x0000000011ca0000] byte_map_base: 0x000000001149a000

Marking Bits: (ParMarkBitMap*) 0x000000006fd30600
 Begin Bits: [0x0000000012570000, 0x0000000014540000)
 End Bits:   [0x0000000014540000, 0x0000000016510000)

Polling page: 0x0000000000320000

CodeCache: size=245760Kb used=1102Kb max_used=1106Kb free=244657Kb
 bounds [0x00000000024e0000, 0x0000000002750000, 0x00000000114e0000]
 total_blobs=251 nmethods=28 adapters=145
 compilation: enabled

Compilation events (10 events):
Event: 0.782 Thread 0x00000000587c3800 nmethod 24 0x00000000025f07d0 code [0x00000000025f09a0, 0x00000000025f0e58]
Event: 0.782 Thread 0x00000000587c3800   25       3       java.lang.String::equals (81 bytes)
Event: 0.783 Thread 0x00000000587c3800 nmethod 25 0x00000000025f2610 code [0x00000000025f27a0, 0x00000000025f2cf0]
Event: 0.783 Thread 0x000000005876d800 nmethod 22 0x00000000025f46d0 code [0x00000000025f4820, 0x00000000025f48f8]
Event: 0.783 Thread 0x00000000587c3800   26  s    3       java.lang.StringBuffer::append (13 bytes)
Event: 0.783 Thread 0x00000000587c3800 nmethod 26 0x00000000025f1d50 code [0x00000000025f1ee0, 0x00000000025f23c8]
Event: 0.785 Thread 0x00000000587c3800   27       3       java.lang.AbstractStringBuilder::append (50 bytes)
Event: 0.785 Thread 0x00000000587c3800 nmethod 27 0x00000000025f14d0 code [0x00000000025f1660, 0x00000000025f1b68]
Event: 0.788 Thread 0x00000000587c3800   28       3       java.lang.System::getSecurityManager (4 bytes)
Event: 0.788 Thread 0x00000000587c3800 nmethod 28 0x00000000025f1110 code [0x00000000025f1260, 0x00000000025f1390]

GC Heap History (0 events):
No events

Deoptimization events (0 events):
No events

Internal exceptions (2 events):
Event: 0.199 Thread 0x0000000001eda000 Exception <a 'java/lang/NoSuchMethodError': Method sun.misc.Unsafe.defineClass(Ljava/lang/String;[BII)Ljava/lang/Class; name or signature does not match> (0x00000000d598e0b8) thrown at [D:\re\puppet\workspace\8-2-build-windows-amd64-cygwin\jdk8u73\6086\hotê\ìX»‰É?
Event: 0.200 Thread 0x0000000001eda000 Exception <a 'java/lang/NoSuchMethodError': Method sun.misc.Unsafe.prefetchRead(Ljava/lang/Object;J)V name or signature does not match> (0x00000000d598e3a0) thrown at [D:\re\puppet\workspace\8-2-build-windows-amd64-cygwin\jdk8u73\6086\hotspot\src\share\vm\

Events (10 events):
Event: 0.869 loading class java/lang/Class$MethodArray
Event: 0.870 loading class java/lang/Class$MethodArray done
Event: 0.882 Executing VM operation: ChangeBreakpoints
Event: 0.882 Executing VM operation: ChangeBreakpoints done
Event: 0.885 loading class java/lang/Void
Event: 0.886 loading class java/lang/Void done
Event: 4.882 Executing VM operation: EnableBiasedLocking
Event: 4.882 Executing VM operation: EnableBiasedLocking done
Event: 181.954 Executing VM operation: RedefineClasses
Event: 181.954 Executing VM operation: RedefineClasses done


Dynamic libraries:
0x000000013ff20000 - 0x000000013ff57000 	C:\Program Files\Java\jdk1.8.0_73\bin\javaw.exe
0x0000000076e20000 - 0x0000000076fca000 	C:\Windows\SYSTEM32\ntdll.dll
0x0000000076c00000 - 0x0000000076d1f000 	C:\Windows\system32\kernel32.dll
0x000007fefcc10000 - 0x000007fefcc7a000 	C:\Windows\system32\KERNELBASE.dll
0x0000000074850000 - 0x00000000748d9000 	C:\Windows\System32\SYSFER.DLL
0x000007fefd380000 - 0x000007fefd45b000 	C:\Windows\system32\ADVAPI32.dll
0x000007fefd590000 - 0x000007fefd62f000 	C:\Windows\system32\msvcrt.dll
0x000007fefe7c0000 - 0x000007fefe7df000 	C:\Windows\SYSTEM32\sechost.dll
0x000007fefd1d0000 - 0x000007fefd2fd000 	C:\Windows\system32\RPCRT4.dll
0x0000000076d20000 - 0x0000000076e1a000 	C:\Windows\system32\USER32.dll
0x000007fefe7f0000 - 0x000007fefe857000 	C:\Windows\system32\GDI32.dll
0x000007fefe7e0000 - 0x000007fefe7ee000 	C:\Windows\system32\LPK.dll
0x000007fefcf10000 - 0x000007fefcfda000 	C:\Windows\system32\USP10.dll
0x000007fefb550000 - 0x000007fefb744000 	C:\Windows\WinSxS\amd64_microsoft.windows.common-controls_6595b64144ccf1df_6.0.7601.18807_none_fa381d5f175bfb52\COMCTL32.dll
0x000007fefe900000 - 0x000007fefe971000 	C:\Windows\system32\SHLWAPI.dll
0x000007fefd6d0000 - 0x000007fefd6fe000 	C:\Windows\system32\IMM32.DLL
0x000007fefd480000 - 0x000007fefd589000 	C:\Windows\system32\MSCTF.dll
0x0000000078790000 - 0x0000000078862000 	C:\Program Files\Java\jdk1.8.0_73\jre\bin\msvcr100.dll
0x000000006f520000 - 0x000000006fdb0000 	C:\Program Files\Java\jdk1.8.0_73\jre\bin\server\jvm.dll
0x000007fef8840000 - 0x000007fef8849000 	C:\Windows\system32\WSOCK32.dll
0x000007fefd700000 - 0x000007fefd74d000 	C:\Windows\system32\WS2_32.dll
0x000007fefec50000 - 0x000007fefec58000 	C:\Windows\system32\NSI.dll
0x000007fefacc0000 - 0x000007fefacfb000 	C:\Windows\system32\WINMM.dll
0x000007fefbc30000 - 0x000007fefbc3c000 	C:\Windows\system32\VERSION.dll
0x0000000076ff0000 - 0x0000000076ff7000 	C:\Windows\system32\PSAPI.DLL
0x000000006dc10000 - 0x000000006dc1f000 	C:\Program Files\Java\jdk1.8.0_73\jre\bin\verify.dll
0x000000006d370000 - 0x000000006d399000 	C:\Program Files\Java\jdk1.8.0_73\jre\bin\java.dll
0x000000006cf60000 - 0x000000006cf95000 	C:\Program Files\Java\jdk1.8.0_73\jre\bin\jdwp.dll
0x0000000074770000 - 0x0000000074778000 	C:\Program Files\Java\jdk1.8.0_73\jre\bin\npt.dll
0x000000006dbf0000 - 0x000000006dc06000 	C:\Program Files\Java\jdk1.8.0_73\jre\bin\zip.dll
0x000007fefda30000 - 0x000007fefe7b9000 	C:\Windows\system32\SHELL32.dll
0x000007fefef20000 - 0x000007feff123000 	C:\Windows\system32\ole32.dll
0x000007fefcb60000 - 0x000007fefcb6f000 	C:\Windows\system32\profapi.dll
0x000000006db20000 - 0x000000006db29000 	C:\Program Files\Java\jdk1.8.0_73\jre\bin\dt_socket.dll
0x000007fefa250000 - 0x000007fefa265000 	C:\Windows\system32\NLAapi.dll
0x000007fef7870000 - 0x000007fef7885000 	C:\Windows\system32\napinsp.dll
0x000007fef7850000 - 0x000007fef7869000 	C:\Windows\system32\pnrpnsp.dll
0x000007fefc330000 - 0x000007fefc385000 	C:\Windows\System32\mswsock.dll
0x000007fefc1b0000 - 0x000007fefc20b000 	C:\Windows\system32\DNSAPI.dll
0x000007fef75a0000 - 0x000007fef75ab000 	C:\Windows\System32\winrnr.dll
0x000007fef7590000 - 0x000007fef75a0000 	C:\Windows\system32\wshbth.dll
0x0000000071b80000 - 0x0000000071ba6000 	C:\Program Files\Bonjour\mdnsNSP.dll
0x000007fef9f90000 - 0x000007fef9fb7000 	C:\Windows\system32\Iphlpapi.DLL
0x000007fef9f40000 - 0x000007fef9f4b000 	C:\Windows\system32\WINNSI.DLL
0x000007fef9b40000 - 0x000007fef9b93000 	C:\Windows\System32\fwpuclnt.dll
0x000007fef7580000 - 0x000007fef7588000 	C:\Windows\system32\rasadhlp.dll
0x000007fefbd00000 - 0x000007fefbd07000 	C:\Windows\System32\wshtcpip.dll
0x000007fef78b0000 - 0x000007fef79d5000 	C:\Windows\system32\dbghelp.dll

VM Arguments:
jvm_args: -Djava.vendor=Sun Microsystems Inc. -agentlib:jdwp=transport=dt_socket,suspend=y,address=localhost:59534 -Dfile.encoding=UTF-8 
java_command: com.interview.linkedLists.removeDuplicates.RemoveDuplicatesFromLinkedList
java_class_path (initial): D:\Users\mercan\workspace\Interview\bin;D:\Users\mercan\Downloads\gradle-3.0\caches\modules-2\files-2.1\org.slf4j\slf4j-api\1.7.21\139535a69a4239db087de9bab0bee568bf8e0b70\slf4j-api-1.7.21.jar;D:\Users\mercan\Downloads\gradle-3.0\caches\modules-2\files-2.1\org.apache.commons\commons-lang3\3.5\6c6c702c89bfff3cd9e80b04d668c5e190d588c6\commons-lang3-3.5.jar;D:\Users\mercan\Downloads\gradle-3.0\caches\modules-2\files-2.1\com.google.guava\guava\21.0-rc2\a464c8132fdd56801e42647b9023cd37426dc606\guava-21.0-rc2.jar;D:\Users\mercan\Downloads\gradle-3.0\caches\modules-2\files-2.1\junit\junit\4.12\2973d150c0dc1fefe998f834810d68f278ea58ec\junit-4.12.jar;D:\Users\mercan\Downloads\gradle-3.0\caches\modules-2\files-2.1\org.hamcrest\hamcrest-core\1.3\42a25dc3219429f0e5d060061f71acb49bf010a0\hamcrest-core-1.3.jar
Launcher Type: SUN_STANDARD

Environment Variables:
JAVA_HOME=C:\Program Files\Java\jdk1.8.0_73
JAVA_TOOL_OPTIONS=-Djava.vendor="Sun Microsystems Inc."
PATH=C:\Program Files\Java\jdk1.8.0_73\jre\bin;C:/Program Files/Java/jre1.8.0_73/bin/server;C:/Program Files/Java/jre1.8.0_73/bin;C:/Program Files/Java/jre1.8.0_73/lib/amd64;C:\Program Files\avs\bin;C:\ProgramData\Oracle\Java\javapath;C:\Windows\system32;C:\Windows;C:\Windows\System32\Wbem;C:\Windows\System32\WindowsPowerShell\v1.0\;C:\Windows\CCM;C:\Program Files\Java\jdk1.8.0_73\bin;D:\Users\mercan\Desktop\Programs and exes\apache-maven-3.3.9\bin;D:\Users\mercan\Downloads\gradle-3.0\bin;D:\Users\mercan\Downloads\gradle-3.0\bin;D:\Users\mercan\workspace\ApacheKafka\zookeeper-3.4.8\bin;C:\Program Files\TortoiseGit\bin;C:\Program Files\nodejs\;C:\Program Files\nodejs\;C:\Program Files\Git\cmd;C:\Program Files\Git\mingw64\bin;C:\Program Files\Git\usr\bin;C:\Program Files (x86)\Bitvise SSH Client;C:\ProgramData\Oracle\Java\javapath;C:\Windows\system32;C:\Windows;C:\Windows\System32\Wbem;C:\Windows\System32\WindowsPowerShell\v1.0\;C:\Windows\CCM;C:\Program Files\Java\jdk1.8.0_73\bin;D:\Users\mercan\Desktop\Programs and exes\apache-maven-3.3.9\bin;D:\Users\mercan\workspace\ApacheKafka\zookeeper-3.4.8\bin;C:\Program Files\Git\cmd;D:\Users\mercan\Downloads\gradle-3.0;D:\Users\mercan\AppData\Roaming\npm;C:\Program Files\nodejs\;;D:\Users\mercan\Desktop\Programs and exes\eclipse;
USERNAME=mercan
OS=Windows_NT
PROCESSOR_IDENTIFIER=Intel64 Family 6 Model 42 Stepping 7, GenuineIntel



---------------  S Y S T E M  ---------------

OS: Windows 7 , 64 bit Build 7601 (6.1.7601.23543)

CPU:total 4 (2 cores per cpu, 2 threads per core) family 6 model 42 stepping 7, cmov, cx8, fxsr, mmx, sse, sse2, sse3, ssse3, sse4.1, sse4.2, popcnt, avx, aes, clmul, ht, tsc, tscinvbit

Memory: 4k page, physical 8337772k(1708960k free), swap 19313576k(3708208k free)

vm_info: Java HotSpot(TM) 64-Bit Server VM (25.73-b02) for windows-amd64 JRE (1.8.0_73-b02), built on Jan 29 2016 17:38:49 by "java_re" with MS VC++ 10.0 (VS2010)

time: Mon Feb 20 08:56:04 2017
elapsed time: 182 seconds (0d 0h 3m 2s)

