#
# A fatal error has been detected by the Java Runtime Environment:
#
#  EXCEPTION_ACCESS_VIOLATION (0xc0000005) at pc=0x000000006f9e8ad5, pid=18248, tid=16808
#
# JRE version: Java(TM) SE Runtime Environment (8.0_73-b02) (build 1.8.0_73-b02)
# Java VM: Java HotSpot(TM) 64-Bit Server VM (25.73-b02 mixed mode windows-amd64 compressed oops)
# Problematic frame:
# V  [jvm.dll+0x128ad5]
#
# Failed to write core dump. Minidumps are not enabled by default on client versions of Windows
#
# If you would like to submit a bug report, please visit:
#   http://bugreport.java.com/bugreport/crash.jsp
#

---------------  T H R E A D  ---------------

Current thread (0x0000000018885800):  JavaThread "JDWP Transport Listener: dt_socket" daemon [_thread_in_vm, id=16808, stack(0x0000000019410000,0x0000000019510000)]

siginfo: ExceptionCode=0xc0000005, reading address 0xffffffffffffffff

Registers:
RAX=0x000000001950f301, RBX=0x0000000018885800, RCX=0x4c003b00003b7200, RDX=0x0000000000000000
RSP=0x000000001950f310, RBP=0x4c003b00003b7200, RSI=0x000000001950f428, RDI=0x0000000001f4ade0
R8 =0x0000000018885800, R9 =0x000000000000ff00, R10=0x0000000000000000, R11=0x0000008e002f0026
R12=0x0000000000000000, R13=0x000000001888bfe8, R14=0x0000000000000000, R15=0x0000000000000000
RIP=0x000000006f9e8ad5, EFLAGS=0x0000000000010206

Top of Stack: (sp=0x000000001950f310)
0x000000001950f310:   0000000018885800 0000000018885800
0x000000001950f320:   000000001950f3d8 000000006fbee34b
0x000000001950f330:   0000000018885800 000000006fc0abad
0x000000001950f340:   0000000000000000 0000000071f49155
0x000000001950f350:   000000001892d2d0 0000000071f5291e
0x000000001950f360:   0000000018885800 0000000000000000
0x000000001950f370:   0000000000000000 0000000000000000
0x000000001950f380:   4c003b00003b7200 0000000071f51a15
0x000000001950f390:   000000001950f428 000000001950f400
0x000000001950f3a0:   0000000000000001 000000001892d2d0
0x000000001950f3b0:   4c003b00003b7200 0000000071f353b3
0x000000001950f3c0:   000000001950f4f0 0000000000000001
0x000000001950f3d0:   0000000000000001 000000001892d2d0
0x000000001950f3e0:   000000000000000a 0000000000000000
0x000000001950f3f0:   0000000000000000 0000000000000000
0x000000001950f400:   0000000000000001 0000000071f35571 

Instructions: (pc=0x000000006f9e8ad5)
0x000000006f9e8ab5:   cc cc cc cc cc cc cc cc cc cc cc 48 83 ec 28 48
0x000000006f9e8ac5:   85 c9 75 07 33 c0 48 83 c4 28 c3 48 89 5c 24 20
0x000000006f9e8ad5:   48 8b 19 48 85 db 74 20 48 83 fb 37 74 1a 48 8b
0x000000006f9e8ae5:   13 48 8b cb ff 52 10 84 c0 74 0d 48 8b c3 48 8b 


Register to memory mapping:

RAX=0x000000001950f301 is pointing into the stack for thread: 0x0000000018885800
RBX=0x0000000018885800 is a thread
RCX=0x4c003b00003b7200 is an unknown value
RDX=0x0000000000000000 is an unknown value
RSP=0x000000001950f310 is pointing into the stack for thread: 0x0000000018885800
RBP=0x4c003b00003b7200 is an unknown value
RSI=0x000000001950f428 is pointing into the stack for thread: 0x0000000018885800
RDI=0x0000000001f4ade0 is an unknown value
R8 =0x0000000018885800 is a thread
R9 =0x000000000000ff00 is an unknown value
R10=0x0000000000000000 is an unknown value
R11=0x0000008e002f0026 is an unknown value
R12=0x0000000000000000 is an unknown value
R13=0x000000001888bfe8 is an unknown value
R14=0x0000000000000000 is an unknown value
R15=0x0000000000000000 is an unknown value


Stack: [0x0000000019410000,0x0000000019510000],  sp=0x000000001950f310,  free space=1020k
Native frames: (J=compiled Java code, j=interpreted, Vv=VM code, C=native code)
V  [jvm.dll+0x128ad5]
V  [jvm.dll+0x34abad]
C  [jdwp.dll+0x21a15]
C  [jdwp.dll+0x53b3]
C  [jdwp.dll+0x5571]
C  [jdwp.dll+0xf0a8]
C  [jdwp.dll+0x1f2d5]
C  [jdwp.dll+0x1f4aa]
V  [jvm.dll+0x1bbb58]
V  [jvm.dll+0x243234]
V  [jvm.dll+0x29a10a]
C  [msvcr100.dll+0x21d9f]
C  [msvcr100.dll+0x21e3b]
C  [kernel32.dll+0x159cd]
C  [ntdll.dll+0x2a2e1]


---------------  P R O C E S S  ---------------

Java Threads: ( => current thread )
  0x0000000018927800 JavaThread "Service Thread" daemon [_thread_blocked, id=16160, stack(0x0000000019d40000,0x0000000019e40000)]
  0x00000000188a6800 JavaThread "C1 CompilerThread2" daemon [_thread_blocked, id=1668, stack(0x0000000019530000,0x0000000019630000)]
  0x00000000188a4800 JavaThread "C2 CompilerThread1" daemon [_thread_blocked, id=17992, stack(0x0000000019aa0000,0x0000000019ba0000)]
  0x00000000188a0000 JavaThread "C2 CompilerThread0" daemon [_thread_blocked, id=2220, stack(0x0000000019990000,0x0000000019a90000)]
  0x0000000018894800 JavaThread "JDWP Command Reader" daemon [_thread_in_native, id=11140, stack(0x00000000197e0000,0x00000000198e0000)]
  0x0000000018891800 JavaThread "JDWP Event Helper Thread" daemon [_thread_blocked, id=14876, stack(0x0000000019650000,0x0000000019750000)]
=>0x0000000018885800 JavaThread "JDWP Transport Listener: dt_socket" daemon [_thread_in_vm, id=16808, stack(0x0000000019410000,0x0000000019510000)]
  0x000000001738c800 JavaThread "Attach Listener" daemon [_thread_blocked, id=17656, stack(0x0000000018630000,0x0000000018730000)]
  0x0000000017389800 JavaThread "Signal Dispatcher" daemon [_thread_blocked, id=7732, stack(0x00000000183f0000,0x00000000184f0000)]
  0x000000001732c800 JavaThread "Finalizer" daemon [_thread_blocked, id=8808, stack(0x0000000018780000,0x0000000018880000)]
  0x0000000017325800 JavaThread "Reference Handler" daemon [_thread_blocked, id=17308, stack(0x0000000018500000,0x0000000018600000)]
  0x0000000001f9a000 JavaThread "main" [_thread_blocked, id=10600, stack(0x0000000002140000,0x0000000002240000)]

Other Threads:
  0x000000001731c800 VMThread [stack: 0x00000000182c0000,0x00000000183c0000] [id=3508]
  0x0000000018934000 WatcherThread [stack: 0x0000000019c40000,0x0000000019d40000] [id=10396]

VM state:not at safepoint (normal execution)

VM Mutex/Monitor currently owned by a thread: None

Heap:
 PSYoungGen      total 38400K, used 2662K [0x00000000d5980000, 0x00000000d8400000, 0x0000000100000000)
  eden space 33280K, 8% used [0x00000000d5980000,0x00000000d5c19a70,0x00000000d7a00000)
  from space 5120K, 0% used [0x00000000d7f00000,0x00000000d7f00000,0x00000000d8400000)
  to   space 5120K, 0% used [0x00000000d7a00000,0x00000000d7a00000,0x00000000d7f00000)
 ParOldGen       total 87552K, used 0K [0x0000000080c00000, 0x0000000086180000, 0x00000000d5980000)
  object space 87552K, 0% used [0x0000000080c00000,0x0000000080c00000,0x0000000086180000)
 Metaspace       used 2654K, capacity 4494K, committed 4864K, reserved 1056768K
  class space    used 284K, capacity 386K, committed 512K, reserved 1048576K

Card table byte_map: [0x0000000011950000,0x0000000011d50000] byte_map_base: 0x000000001154a000

Marking Bits: (ParMarkBitMap*) 0x00000000700d0600
 Begin Bits: [0x00000000125f0000, 0x00000000145c0000)
 End Bits:   [0x00000000145c0000, 0x0000000016590000)

Polling page: 0x0000000000220000

CodeCache: size=245760Kb used=1104Kb max_used=1104Kb free=244655Kb
 bounds [0x0000000002590000, 0x0000000002800000, 0x0000000011590000]
 total_blobs=255 nmethods=29 adapters=148
 compilation: enabled

Compilation events (10 events):
Event: 0.251 Thread 0x00000000188a6800   25  s    3       java.lang.StringBuffer::append (13 bytes)
Event: 0.252 Thread 0x00000000188a6800 nmethod 25 0x00000000026a1990 code [0x00000000026a1b20, 0x00000000026a2028]
Event: 0.252 Thread 0x00000000188a6800   26       3       java.lang.AbstractStringBuilder::append (50 bytes)
Event: 0.252 Thread 0x00000000188a6800 nmethod 26 0x00000000026a1110 code [0x00000000026a12a0, 0x00000000026a17a8]
Event: 0.254 Thread 0x00000000188a6800   27       3       java.lang.System::getSecurityManager (4 bytes)
Event: 0.255 Thread 0x00000000188a6800 nmethod 27 0x00000000026a0e10 code [0x00000000026a0f60, 0x00000000026a1090]
Event: 0.275 Thread 0x00000000188a6800   28       3       java.lang.StringBuilder::append (8 bytes)
Event: 0.275 Thread 0x00000000188a6800 nmethod 28 0x00000000026a0250 code [0x00000000026a03c0, 0x00000000026a0568]
Event: 0.282 Thread 0x00000000188a6800   29       3       java.util.Arrays::copyOfRange (63 bytes)
Event: 0.282 Thread 0x00000000188a6800 nmethod 29 0x00000000026a3310 code [0x00000000026a3520, 0x00000000026a4098]

GC Heap History (0 events):
No events

Deoptimization events (0 events):
No events

Internal exceptions (2 events):
Event: 0.042 Thread 0x0000000001f9a000 Exception <a 'java/lang/NoSuchMethodError': Method sun.misc.Unsafe.defineClass(Ljava/lang/String;[BII)Ljava/lang/Class; name or signature does not match> (0x00000000d598e0b8) thrown at [D:\re\puppet\workspace\8-2-build-windows-amd64-cygwin\jdk8u73\6086\hotüŒ·ˆŽ¥?
Event: 0.042 Thread 0x0000000001f9a000 Exception <a 'java/lang/NoSuchMethodError': Method sun.misc.Unsafe.prefetchRead(Ljava/lang/Object;J)V name or signature does not match> (0x00000000d598e3a0) thrown at [D:\re\puppet\workspace\8-2-build-windows-amd64-cygwin\jdk8u73\6086\hotspot\src\share\vm\

Events (10 events):
Event: 323.593 Executing VM operation: GetOrSetLocal
Event: 323.593 Executing VM operation: GetOrSetLocal done
Event: 323.593 Executing VM operation: GetOrSetLocal
Event: 323.594 Executing VM operation: GetOrSetLocal done
Event: 323.595 Executing VM operation: GetOrSetLocal
Event: 323.595 Executing VM operation: GetOrSetLocal done
Event: 323.596 Executing VM operation: GetOrSetLocal
Event: 323.596 Executing VM operation: GetOrSetLocal done
Event: 352.979 Executing VM operation: RedefineClasses
Event: 352.979 Executing VM operation: RedefineClasses done


Dynamic libraries:
0x000000013f220000 - 0x000000013f257000 	C:\Program Files\Java\jdk1.8.0_73\bin\javaw.exe
0x00000000776e0000 - 0x000000007788a000 	C:\Windows\SYSTEM32\ntdll.dll
0x00000000774c0000 - 0x00000000775df000 	C:\Windows\system32\kernel32.dll
0x000007fefd430000 - 0x000007fefd49a000 	C:\Windows\system32\KERNELBASE.dll
0x0000000075110000 - 0x0000000075199000 	C:\Windows\System32\SYSFER.DLL
0x000007feff2f0000 - 0x000007feff3cb000 	C:\Windows\system32\ADVAPI32.dll
0x000007fefe280000 - 0x000007fefe31f000 	C:\Windows\system32\msvcrt.dll
0x000007fefd7d0000 - 0x000007fefd7ef000 	C:\Windows\SYSTEM32\sechost.dll
0x000007feff5b0000 - 0x000007feff6dd000 	C:\Windows\system32\RPCRT4.dll
0x00000000775e0000 - 0x00000000776da000 	C:\Windows\system32\USER32.dll
0x000007fefd9a0000 - 0x000007fefda07000 	C:\Windows\system32\GDI32.dll
0x000007feff6e0000 - 0x000007feff6ee000 	C:\Windows\system32\LPK.dll
0x000007fefe320000 - 0x000007fefe3ea000 	C:\Windows\system32\USP10.dll
0x000007fefbfb0000 - 0x000007fefc1a4000 	C:\Windows\WinSxS\amd64_microsoft.windows.common-controls_6595b64144ccf1df_6.0.7601.18807_none_fa381d5f175bfb52\COMCTL32.dll
0x000007fefdf20000 - 0x000007fefdf91000 	C:\Windows\system32\SHLWAPI.dll
0x000007feff6f0000 - 0x000007feff71e000 	C:\Windows\system32\IMM32.DLL
0x000007feff180000 - 0x000007feff289000 	C:\Windows\system32\MSCTF.dll
0x0000000054f20000 - 0x0000000054ff2000 	C:\Program Files\Java\jdk1.8.0_73\jre\bin\msvcr100.dll
0x000000006f8c0000 - 0x0000000070150000 	C:\Program Files\Java\jdk1.8.0_73\jre\bin\server\jvm.dll
0x000007fef9100000 - 0x000007fef9109000 	C:\Windows\system32\WSOCK32.dll
0x000007fefdb30000 - 0x000007fefdb7d000 	C:\Windows\system32\WS2_32.dll
0x000007fefdc20000 - 0x000007fefdc28000 	C:\Windows\system32\NSI.dll
0x000007fefb510000 - 0x000007fefb54b000 	C:\Windows\system32\WINMM.dll
0x000007fefc4f0000 - 0x000007fefc4fc000 	C:\Windows\system32\VERSION.dll
0x00000000778b0000 - 0x00000000778b7000 	C:\Windows\system32\PSAPI.DLL
0x0000000075040000 - 0x000000007504f000 	C:\Program Files\Java\jdk1.8.0_73\jre\bin\verify.dll
0x0000000074f90000 - 0x0000000074fb9000 	C:\Program Files\Java\jdk1.8.0_73\jre\bin\java.dll
0x0000000071f30000 - 0x0000000071f65000 	C:\Program Files\Java\jdk1.8.0_73\jre\bin\jdwp.dll
0x0000000074f80000 - 0x0000000074f88000 	C:\Program Files\Java\jdk1.8.0_73\jre\bin\npt.dll
0x000000006e880000 - 0x000000006e896000 	C:\Program Files\Java\jdk1.8.0_73\jre\bin\zip.dll
0x000007fefe3f0000 - 0x000007feff179000 	C:\Windows\system32\SHELL32.dll
0x000007fefdd10000 - 0x000007fefdf13000 	C:\Windows\system32\ole32.dll
0x000007fefd410000 - 0x000007fefd41f000 	C:\Windows\system32\profapi.dll
0x0000000071f20000 - 0x0000000071f29000 	C:\Program Files\Java\jdk1.8.0_73\jre\bin\dt_socket.dll
0x000007fefade0000 - 0x000007fefadf5000 	C:\Windows\system32\NLAapi.dll
0x000007fef7f60000 - 0x000007fef7f75000 	C:\Windows\system32\napinsp.dll
0x000007fef7ca0000 - 0x000007fef7cb9000 	C:\Windows\system32\pnrpnsp.dll
0x000007fefcb90000 - 0x000007fefcbe5000 	C:\Windows\System32\mswsock.dll
0x000007fefcad0000 - 0x000007fefcb2b000 	C:\Windows\system32\DNSAPI.dll
0x000007fef7c90000 - 0x000007fef7c9b000 	C:\Windows\System32\winrnr.dll
0x000007fef7c40000 - 0x000007fef7c50000 	C:\Windows\system32\wshbth.dll
0x0000000072440000 - 0x0000000072466000 	C:\Program Files\Bonjour\mdnsNSP.dll
0x000007fefa8a0000 - 0x000007fefa8c7000 	C:\Windows\system32\Iphlpapi.DLL
0x000007fefa890000 - 0x000007fefa89b000 	C:\Windows\system32\WINNSI.DLL
0x000007fefa3e0000 - 0x000007fefa433000 	C:\Windows\System32\fwpuclnt.dll
0x000007fef7920000 - 0x000007fef7928000 	C:\Windows\system32\rasadhlp.dll
0x000007fefc5c0000 - 0x000007fefc5c7000 	C:\Windows\System32\wshtcpip.dll
0x000007fef8150000 - 0x000007fef8275000 	C:\Windows\system32\dbghelp.dll

VM Arguments:
jvm_args: -Djava.vendor=Sun Microsystems Inc. -agentlib:jdwp=transport=dt_socket,suspend=y,address=localhost:62635 -Dfile.encoding=Cp1252 
java_command: com.interview.linkedLists.removeDuplicates.RemoveDuplicatesFromUnsortedLinkedList
java_class_path (initial): D:\Users\mercan\workspace\Interview\bin;D:\Users\mercan\Downloads\gradle-3.0\caches\modules-2\files-2.1\org.slf4j\slf4j-api\1.7.21\139535a69a4239db087de9bab0bee568bf8e0b70\slf4j-api-1.7.21.jar;D:\Users\mercan\Downloads\gradle-3.0\caches\modules-2\files-2.1\org.apache.commons\commons-lang3\3.5\6c6c702c89bfff3cd9e80b04d668c5e190d588c6\commons-lang3-3.5.jar;D:\Users\mercan\Downloads\gradle-3.0\caches\modules-2\files-2.1\com.google.guava\guava\21.0-rc2\a464c8132fdd56801e42647b9023cd37426dc606\guava-21.0-rc2.jar;D:\Users\mercan\Downloads\gradle-3.0\caches\modules-2\files-2.1\junit\junit\4.12\2973d150c0dc1fefe998f834810d68f278ea58ec\junit-4.12.jar;D:\Users\mercan\Downloads\gradle-3.0\caches\modules-2\files-2.1\org.hamcrest\hamcrest-core\1.3\42a25dc3219429f0e5d060061f71acb49bf010a0\hamcrest-core-1.3.jar
Launcher Type: SUN_STANDARD

Environment Variables:
JAVA_HOME=C:\Program Files\Java\jdk1.8.0_73
JAVA_TOOL_OPTIONS=-Djava.vendor="Sun Microsystems Inc."
PATH=C:\Program Files\Java\jdk1.8.0_73\jre\bin;C:/Program Files/Java/jre1.8.0_73/bin/server;C:/Program Files/Java/jre1.8.0_73/bin;C:/Program Files/Java/jre1.8.0_73/lib/amd64;C:\Program Files\avs\bin;C:\ProgramData\Oracle\Java\javapath;C:\Windows\system32;C:\Windows;C:\Windows\System32\Wbem;C:\Windows\System32\WindowsPowerShell\v1.0\;C:\Windows\CCM;C:\Program Files\Java\jdk1.8.0_73\bin;D:\Users\mercan\Desktop\Programs and exes\apache-maven-3.3.9\bin;D:\Users\mercan\Downloads\gradle-3.0\bin;D:\Users\mercan\Downloads\gradle-3.0\bin;D:\Users\mercan\workspace\ApacheKafka\zookeeper-3.4.8\bin;C:\Program Files\TortoiseGit\bin;C:\Program Files (x86)\Skype\Phone\;C:\Program Files\nodejs\;C:\Program Files\nodejs\;C:\Program Files\Git\cmd;C:\Program Files\Git\mingw64\bin;C:\Program Files\Git\usr\bin;C:\ProgramData\Oracle\Java\javapath;C:\Windows\system32;C:\Windows;C:\Windows\System32\Wbem;C:\Windows\System32\WindowsPowerShell\v1.0\;C:\Windows\CCM;C:\Program Files\Java\jdk1.8.0_73\bin;D:\Users\mercan\Desktop\Programs and exes\apache-maven-3.3.9\bin;D:\Users\mercan\workspace\ApacheKafka\zookeeper-3.4.8\bin;C:\Program Files\Git\cmd;D:\Users\mercan\Downloads\gradle-3.0;D:\Users\mercan\AppData\Roaming\npm;C:\Program Files\nodejs\;;D:\Users\mercan\Desktop\Programs and exes\eclipse;
USERNAME=mercan
OS=Windows_NT
PROCESSOR_IDENTIFIER=Intel64 Family 6 Model 42 Stepping 7, GenuineIntel



---------------  S Y S T E M  ---------------

OS: Windows 7 , 64 bit Build 7601 (6.1.7601.23543)

CPU:total 4 (2 cores per cpu, 2 threads per core) family 6 model 42 stepping 7, cmov, cx8, fxsr, mmx, sse, sse2, sse3, ssse3, sse4.1, sse4.2, popcnt, avx, aes, clmul, ht, tsc, tscinvbit

Memory: 4k page, physical 8337772k(2195460k free), swap 17930040k(6911992k free)

vm_info: Java HotSpot(TM) 64-Bit Server VM (25.73-b02) for windows-amd64 JRE (1.8.0_73-b02), built on Jan 29 2016 17:38:49 by "java_re" with MS VC++ 10.0 (VS2010)

time: Sat Jan 14 15:43:57 2017
elapsed time: 353 seconds (0d 0h 5m 53s)

